<?xml version="1.0" encoding="UTF-8"?>
<!-- Generated by org.testng.reporters.JUnitReportReporter -->
<testsuite hostname="DESKTOP-TG7PT2T" failures="0" tests="4" name="testscript.ManageNewsTest" time="-1758513280.000" errors="1" timestamp="2025-09-22T09:25:02 IST" skipped="3">
  <testcase classname="testscript.ManageNewsTest" name="verifyUserIsAbleToSearchUser" time="0.000">
    <skipped/>
  </testcase> <!-- verifyUserIsAbleToSearchUser -->
  <testcase classname="testscript.ManageNewsTest" name="verifyUserIsAbleToAddNewUser" time="0.001">
    <skipped/>
  </testcase> <!-- verifyUserIsAbleToAddNewUser -->
  <testcase classname="testscript.ManageNewsTest" name="verifyUserIsAbleToReset" time="0.000">
    <skipped/>
  </testcase> <!-- verifyUserIsAbleToReset -->
  <testcase classname="testscript.ManageNewsTest" name="intialiseBrowser" time="-1758513280.000">
    <error message="
Parameter &#039;browsers&#039; is required by BeforeMethod on method intialiseBrowser but has not been marked @Optional or defined
in C:\Users\Devika Vysakh\AppData\Local\Temp\testng-eclipse-1633299895\testng-customsuite.xml" type="org.testng.TestNGException">
      <![CDATA[org.testng.TestNGException: 
Parameter 'browsers' is required by BeforeMethod on method intialiseBrowser but has not been marked @Optional or defined
in C:\Users\Devika Vysakh\AppData\Local\Temp\testng-eclipse-1633299895\testng-customsuite.xml
at org.testng.internal.Parameters.createParams(Parameters.java:264)
at org.testng.internal.Parameters.createParametersForMethod(Parameters.java:352)
at org.testng.internal.Parameters.createParameters(Parameters.java:690)
at org.testng.internal.Parameters.createConfigurationParameters(Parameters.java:163)
at org.testng.internal.invokers.ConfigInvoker.invokeConfigurations(ConfigInvoker.java:313)
at org.testng.internal.invokers.TestInvoker.runConfigMethods(TestInvoker.java:833)
at org.testng.internal.invokers.TestInvoker.invokeMethod(TestInvoker.java:600)
at org.testng.internal.invokers.TestInvoker.invokeTestMethod(TestInvoker.java:230)
at org.testng.internal.invokers.MethodRunner.runInSequence(MethodRunner.java:63)
at org.testng.internal.invokers.TestInvoker$MethodInvocationAgent.invoke(TestInvoker.java:992)
at org.testng.internal.invokers.TestInvoker.invokeTestMethods(TestInvoker.java:203)
at org.testng.internal.invokers.TestMethodWorker.invokeTestMethods(TestMethodWorker.java:154)
at org.testng.internal.invokers.TestMethodWorker.run(TestMethodWorker.java:134)
at java.base/java.util.ArrayList.forEach(ArrayList.java:1596)
at org.testng.TestRunner.privateRun(TestRunner.java:739)
at org.testng.TestRunner.run(TestRunner.java:614)
at org.testng.SuiteRunner.runTest(SuiteRunner.java:421)
at org.testng.SuiteRunner.runSequentially(SuiteRunner.java:413)
at org.testng.SuiteRunner.privateRun(SuiteRunner.java:373)
at org.testng.SuiteRunner.run(SuiteRunner.java:312)
at org.testng.SuiteRunnerWorker.runSuite(SuiteRunnerWorker.java:52)
at org.testng.SuiteRunnerWorker.run(SuiteRunnerWorker.java:95)
at org.testng.TestNG.runSuitesSequentially(TestNG.java:1274)
at org.testng.TestNG.runSuitesLocally(TestNG.java:1208)
at org.testng.TestNG.runSuites(TestNG.java:1112)
at org.testng.TestNG.run(TestNG.java:1079)
at org.testng.remote.AbstractRemoteTestNG.run(AbstractRemoteTestNG.java:115)
at org.testng.remote.RemoteTestNG.initAndRun(RemoteTestNG.java:293)
at org.testng.remote.RemoteTestNG.main(RemoteTestNG.java:91)
]]>
    </error>
  </testcase> <!-- intialiseBrowser -->
</testsuite> <!-- testscript.ManageNewsTest -->
